  Running UnrealBuildTool: dotnet "..\..\Engine\Binaries\DotNET\UnrealBuildTool\UnrealBuildTool.dll" MyProject3Editor Win64 Development -Project="D:\BuildSystem\MyProject3\MyProject3.uproject" -WaitMutex -FromMsBuild
  Log file: C:\Users\A\AppData\Local\UnrealBuildTool\Log.txt
  Using 'git status' to determine working set for adaptive non-unity build (D:\BuildSystem).
  Building MyProject3Editor...
  Using Visual Studio 2022 14.33.31631 toolchain (D:\New folder (3)\VC\Tools\MSVC\14.33.31629) and Windows 10.0.22621.0 SDK (C:\Program Files (x86)\Windows Kits\10).
  Determining max actions to execute in parallel (12 physical cores, 24 logical cores)
    Executing up to 12 processes, one per physical core
  Building 10 actions with 10 processes...
  [1/10] Compile MyProject3.init.gen.cpp
  [2/10] Compile MyProject3.cpp
  [3/10] Compile BuildActor.gen.cpp
  [4/10] Compile BuildComponent.gen.cpp
  [5/10] Compile BuildActor.cpp
  [6/10] Compile ResourceSave.gen.cpp
  [7/10] Compile BuildComponent.cpp
  [8/10] Link UnrealEditor-MyProject3.lib
     Creating library D:\BuildSystem\MyProject3\Intermediate\Build\Win64\UnrealEditor\Development\MyProject3\UnrealEditor-MyProject3.lib and object D:\BuildSystem\MyProject3\Intermediate\Build\Win64\UnrealEditor\Development\MyProject3\UnrealEditor-MyProject3.exp
  [9/10] Link UnrealEditor-MyProject3.dll
     Creating library D:\BuildSystem\MyProject3\Intermediate\Build\Win64\UnrealEditor\Development\MyProject3\UnrealEditor-MyProject3.suppressed.lib and object D:\BuildSystem\MyProject3\Intermediate\Build\Win64\UnrealEditor\Development\MyProject3\UnrealEditor-MyProject3.suppressed.exp
  [10/10] WriteMetadata MyProject3Editor.target
  Total time in Parallel executor: 6.01 seconds
  Total execution time: 6.46 seconds
